[ 50%] [32mBuilding CXX object CMakeFiles/param_node.dir/src/param_node.cpp.o[0m
[100%] [32m[1mLinking CXX executable param_node[0m
[100%] Built target param_node
-- Install configuration: ""
-- Installing: /home/vijay-kiran-reddy/ros2_ws/src/ros2-assignment-ros2-c-parameters-vijayakkala06-design/install/ros2_parameters/lib/ros2_parameters/param_node
-- Set non-toolchain portion of runtime path of "/home/vijay-kiran-reddy/ros2_ws/src/ros2-assignment-ros2-c-parameters-vijayakkala06-design/install/ros2_parameters/lib/ros2_parameters/param_node" to ""
-- Installing: /home/vijay-kiran-reddy/ros2_ws/src/ros2-assignment-ros2-c-parameters-vijayakkala06-design/install/ros2_parameters/share/ament_index/resource_index/package_run_dependencies/ros2_parameters
-- Installing: /home/vijay-kiran-reddy/ros2_ws/src/ros2-assignment-ros2-c-parameters-vijayakkala06-design/install/ros2_parameters/share/ament_index/resource_index/parent_prefix_path/ros2_parameters
-- Installing: /home/vijay-kiran-reddy/ros2_ws/src/ros2-assignment-ros2-c-parameters-vijayakkala06-design/install/ros2_parameters/share/ros2_parameters/environment/ament_prefix_path.sh
-- Installing: /home/vijay-kiran-reddy/ros2_ws/src/ros2-assignment-ros2-c-parameters-vijayakkala06-design/install/ros2_parameters/share/ros2_parameters/environment/ament_prefix_path.dsv
-- Installing: /home/vijay-kiran-reddy/ros2_ws/src/ros2-assignment-ros2-c-parameters-vijayakkala06-design/install/ros2_parameters/share/ros2_parameters/environment/path.sh
-- Installing: /home/vijay-kiran-reddy/ros2_ws/src/ros2-assignment-ros2-c-parameters-vijayakkala06-design/install/ros2_parameters/share/ros2_parameters/environment/path.dsv
-- Installing: /home/vijay-kiran-reddy/ros2_ws/src/ros2-assignment-ros2-c-parameters-vijayakkala06-design/install/ros2_parameters/share/ros2_parameters/local_setup.bash
-- Installing: /home/vijay-kiran-reddy/ros2_ws/src/ros2-assignment-ros2-c-parameters-vijayakkala06-design/install/ros2_parameters/share/ros2_parameters/local_setup.sh
-- Installing: /home/vijay-kiran-reddy/ros2_ws/src/ros2-assignment-ros2-c-parameters-vijayakkala06-design/install/ros2_parameters/share/ros2_parameters/local_setup.zsh
-- Installing: /home/vijay-kiran-reddy/ros2_ws/src/ros2-assignment-ros2-c-parameters-vijayakkala06-design/install/ros2_parameters/share/ros2_parameters/local_setup.dsv
-- Installing: /home/vijay-kiran-reddy/ros2_ws/src/ros2-assignment-ros2-c-parameters-vijayakkala06-design/install/ros2_parameters/share/ros2_parameters/package.dsv
-- Installing: /home/vijay-kiran-reddy/ros2_ws/src/ros2-assignment-ros2-c-parameters-vijayakkala06-design/install/ros2_parameters/share/ament_index/resource_index/packages/ros2_parameters
-- Installing: /home/vijay-kiran-reddy/ros2_ws/src/ros2-assignment-ros2-c-parameters-vijayakkala06-design/install/ros2_parameters/share/ros2_parameters/cmake/ros2_parametersConfig.cmake
-- Installing: /home/vijay-kiran-reddy/ros2_ws/src/ros2-assignment-ros2-c-parameters-vijayakkala06-design/install/ros2_parameters/share/ros2_parameters/cmake/ros2_parametersConfig-version.cmake
-- Installing: /home/vijay-kiran-reddy/ros2_ws/src/ros2-assignment-ros2-c-parameters-vijayakkala06-design/install/ros2_parameters/share/ros2_parameters/package.xml
