[0.166s] Invoking command in '/home/vijay-kiran-reddy/ros2_ws/src/ros2-assignment-ros2-c-parameters-vijayakkala06-design/build/ros2_parameters': CMAKE_PREFIX_PATH=${CMAKE_PREFIX_PATH}:/home/vijay-kiran-reddy/ros2_ws/install/line_follower:/home/vijay-kiran-reddy/line_follower_ws/install/line_follower:/opt/ros/jazzy DEBUGINFOD_URLS=https://debuginfod.ubuntu.com /usr/bin/cmake --build /home/vijay-kiran-reddy/ros2_ws/src/ros2-assignment-ros2-c-parameters-vijayakkala06-design/build/ros2_parameters -- -j1 -l1
[0.789s] [ 50%] [32mBuilding CXX object CMakeFiles/param_node.dir/src/param_node.cpp.o[0m
[22.488s] [100%] [32m[1mLinking CXX executable param_node[0m
[24.204s] [100%] Built target param_node
[24.278s] Invoked command in '/home/vijay-kiran-reddy/ros2_ws/src/ros2-assignment-ros2-c-parameters-vijayakkala06-design/build/ros2_parameters' returned '0': CMAKE_PREFIX_PATH=${CMAKE_PREFIX_PATH}:/home/vijay-kiran-reddy/ros2_ws/install/line_follower:/home/vijay-kiran-reddy/line_follower_ws/install/line_follower:/opt/ros/jazzy DEBUGINFOD_URLS=https://debuginfod.ubuntu.com /usr/bin/cmake --build /home/vijay-kiran-reddy/ros2_ws/src/ros2-assignment-ros2-c-parameters-vijayakkala06-design/build/ros2_parameters -- -j1 -l1
[24.347s] Invoking command in '/home/vijay-kiran-reddy/ros2_ws/src/ros2-assignment-ros2-c-parameters-vijayakkala06-design/build/ros2_parameters': CMAKE_PREFIX_PATH=${CMAKE_PREFIX_PATH}:/home/vijay-kiran-reddy/ros2_ws/install/line_follower:/home/vijay-kiran-reddy/line_follower_ws/install/line_follower:/opt/ros/jazzy DEBUGINFOD_URLS=https://debuginfod.ubuntu.com /usr/bin/cmake --install /home/vijay-kiran-reddy/ros2_ws/src/ros2-assignment-ros2-c-parameters-vijayakkala06-design/build/ros2_parameters
[24.412s] -- Install configuration: ""
[24.414s] -- Installing: /home/vijay-kiran-reddy/ros2_ws/src/ros2-assignment-ros2-c-parameters-vijayakkala06-design/install/ros2_parameters/lib/ros2_parameters/param_node
[24.416s] -- Set non-toolchain portion of runtime path of "/home/vijay-kiran-reddy/ros2_ws/src/ros2-assignment-ros2-c-parameters-vijayakkala06-design/install/ros2_parameters/lib/ros2_parameters/param_node" to ""
[24.439s] -- Installing: /home/vijay-kiran-reddy/ros2_ws/src/ros2-assignment-ros2-c-parameters-vijayakkala06-design/install/ros2_parameters/share/ament_index/resource_index/package_run_dependencies/ros2_parameters
[24.447s] -- Installing: /home/vijay-kiran-reddy/ros2_ws/src/ros2-assignment-ros2-c-parameters-vijayakkala06-design/install/ros2_parameters/share/ament_index/resource_index/parent_prefix_path/ros2_parameters
[24.447s] -- Installing: /home/vijay-kiran-reddy/ros2_ws/src/ros2-assignment-ros2-c-parameters-vijayakkala06-design/install/ros2_parameters/share/ros2_parameters/environment/ament_prefix_path.sh
[24.454s] -- Installing: /home/vijay-kiran-reddy/ros2_ws/src/ros2-assignment-ros2-c-parameters-vijayakkala06-design/install/ros2_parameters/share/ros2_parameters/environment/ament_prefix_path.dsv
[24.455s] -- Installing: /home/vijay-kiran-reddy/ros2_ws/src/ros2-assignment-ros2-c-parameters-vijayakkala06-design/install/ros2_parameters/share/ros2_parameters/environment/path.sh
[24.476s] -- Installing: /home/vijay-kiran-reddy/ros2_ws/src/ros2-assignment-ros2-c-parameters-vijayakkala06-design/install/ros2_parameters/share/ros2_parameters/environment/path.dsv
[24.477s] -- Installing: /home/vijay-kiran-reddy/ros2_ws/src/ros2-assignment-ros2-c-parameters-vijayakkala06-design/install/ros2_parameters/share/ros2_parameters/local_setup.bash
[24.491s] -- Installing: /home/vijay-kiran-reddy/ros2_ws/src/ros2-assignment-ros2-c-parameters-vijayakkala06-design/install/ros2_parameters/share/ros2_parameters/local_setup.sh
[24.492s] -- Installing: /home/vijay-kiran-reddy/ros2_ws/src/ros2-assignment-ros2-c-parameters-vijayakkala06-design/install/ros2_parameters/share/ros2_parameters/local_setup.zsh
[24.498s] -- Installing: /home/vijay-kiran-reddy/ros2_ws/src/ros2-assignment-ros2-c-parameters-vijayakkala06-design/install/ros2_parameters/share/ros2_parameters/local_setup.dsv
[24.499s] -- Installing: /home/vijay-kiran-reddy/ros2_ws/src/ros2-assignment-ros2-c-parameters-vijayakkala06-design/install/ros2_parameters/share/ros2_parameters/package.dsv
[24.499s] -- Installing: /home/vijay-kiran-reddy/ros2_ws/src/ros2-assignment-ros2-c-parameters-vijayakkala06-design/install/ros2_parameters/share/ament_index/resource_index/packages/ros2_parameters
[24.502s] -- Installing: /home/vijay-kiran-reddy/ros2_ws/src/ros2-assignment-ros2-c-parameters-vijayakkala06-design/install/ros2_parameters/share/ros2_parameters/cmake/ros2_parametersConfig.cmake
[24.505s] -- Installing: /home/vijay-kiran-reddy/ros2_ws/src/ros2-assignment-ros2-c-parameters-vijayakkala06-design/install/ros2_parameters/share/ros2_parameters/cmake/ros2_parametersConfig-version.cmake
[24.509s] -- Installing: /home/vijay-kiran-reddy/ros2_ws/src/ros2-assignment-ros2-c-parameters-vijayakkala06-design/install/ros2_parameters/share/ros2_parameters/package.xml
[24.520s] Invoked command in '/home/vijay-kiran-reddy/ros2_ws/src/ros2-assignment-ros2-c-parameters-vijayakkala06-design/build/ros2_parameters' returned '0': CMAKE_PREFIX_PATH=${CMAKE_PREFIX_PATH}:/home/vijay-kiran-reddy/ros2_ws/install/line_follower:/home/vijay-kiran-reddy/line_follower_ws/install/line_follower:/opt/ros/jazzy DEBUGINFOD_URLS=https://debuginfod.ubuntu.com /usr/bin/cmake --install /home/vijay-kiran-reddy/ros2_ws/src/ros2-assignment-ros2-c-parameters-vijayakkala06-design/build/ros2_parameters
